<?xml version="1.0" encoding="UTF-8"?>
<!-- Generated by org.testng.reporters.JUnitReportReporter -->
<testsuite name="com.cronos.testNG.TestNG" tests="1" time="13.104" ignored="0" failures="0" timestamp="19 Des 2017 10:23:36 GMT" skipped="0" hostname="Q2-Fendyr-m" errors="0">
  <testcase name="main" time="13.104" classname="com.cronos.testNG.TestNG"/>
</testsuite> <!-- com.cronos.testNG.TestNG -->
