<?xml version="1.0" encoding="UTF-8"?>
<!-- Generated by org.testng.reporters.JUnitReportReporter -->
<testsuite name="AutomationFramework.BasicClass" tests="1" time="11.536" ignored="0" failures="0" timestamp="23 Des 2017 12:50:16 GMT" skipped="0" hostname="Q2-Fendyr-m" errors="0">
  <testcase name="setUpConfig" time="11.536" classname="AutomationFramework.BasicClass"/>
</testsuite> <!-- AutomationFramework.BasicClass -->
