<?xml version="1.0" encoding="UTF-8"?>
<!-- Generated by org.testng.reporters.JUnitReportReporter -->
<testsuite name="AutomationFramework.TestNG" tests="1" time="8.202" ignored="0" failures="0" timestamp="13 Des 2017 12:01:32 GMT" skipped="0" hostname="Q2-Fendyr-m" errors="0">
  <testcase name="main" time="8.202" classname="AutomationFramework.TestNG"/>
</testsuite> <!-- AutomationFramework.TestNG -->
