<?xml version="1.0" encoding="UTF-8"?>
<!-- Generated by org.testng.reporters.JUnitReportReporter -->
<testsuite name="AutomationFramework.DataProviderTest" tests="1" time="9.837" ignored="0" failures="0" timestamp="20 Des 2017 08:41:24 GMT" skipped="0" hostname="Q2-Fendyr-m" errors="0">
  <testcase name="test" time="9.837" classname="AutomationFramework.DataProviderTest"/>
</testsuite> <!-- AutomationFramework.DataProviderTest -->
