<?xml version="1.0" encoding="UTF-8"?>
<!-- Generated by org.testng.reporters.JUnitReportReporter -->
<testsuite name="captureScreen.captureScreen" tests="1" time="9.413" ignored="0" failures="0" timestamp="08 Jan 2018 01:01:25 GMT" skipped="0" hostname="Q2-Fendyr-m" errors="0">
  <testcase name="TestJavaS1" time="9.413" classname="captureScreen.captureScreen"/>
</testsuite> <!-- captureScreen.captureScreen -->
