<?xml version="1.0" encoding="UTF-8"?>
<!-- Generated by org.testng.reporters.JUnitReportReporter -->
<testsuite name="AutomationFramework.LoginUITest" tests="1" time="20.406" ignored="0" failures="0" timestamp="19 Jan 2018 07:44:09 GMT" skipped="0" hostname="Q2-Fendyr-m" errors="0">
  <testcase name="testLoginUI" time="20.406" classname="AutomationFramework.LoginUITest"/>
</testsuite> <!-- AutomationFramework.LoginUITest -->
