<?xml version="1.0" encoding="UTF-8"?>
<!-- Generated by org.testng.reporters.JUnitReportReporter -->
<testsuite name="com.cronos.Testcases.VerifyCronosLogin" tests="1" time="21.277" ignored="0" failures="0" timestamp="18 Des 2017 10:23:06 GMT" skipped="0" hostname="Q2-Fendyr-m" errors="0">
  <testcase name="verifyValidLogin" time="21.277" classname="com.cronos.Testcases.VerifyCronosLogin"/>
</testsuite> <!-- com.cronos.Testcases.VerifyCronosLogin -->
