<?xml version="1.0" encoding="UTF-8"?>
<!-- Generated by org.testng.reporters.JUnitReportReporter -->
<testsuite name="pages.LoginScript" tests="1" time="10.863" ignored="0" failures="0" timestamp="17 Des 2017 19:04:47 GMT" skipped="0" hostname="Q2-Fendyr-m" errors="0">
  <testcase name="loginToApplication" time="10.863" classname="pages.LoginScript"/>
</testsuite> <!-- pages.LoginScript -->
